Added Component: Designator=C2(SELF_CAP_THT5MM)
Add component (AddParameter): Name = "value"; Value = "1000uF"; VariantName = "[No Variations]"
Add component (AddParameter): Name = "volt"; Value = "25V"; VariantName = "[No Variations]"
Added Component: Designator=P23(My_2X06)
Add component (AddParameter): Name = "ASiD Part Number"; Value = "Header 6X2-AS"; VariantName = "[No Variations]"
Added Component: Designator=U1(SELF_LM7805_THT)
Added Pin To Net: NetName=GND Pin=C2--
Added Pin To Net: NetName=MotorENA Pin=J1-28
Added Pin To Net: NetName=GND Pin=P23-2
Added Pin To Net: NetName=GND Pin=P23-4
Added Pin To Net: NetName=GND Pin=P23-6
Added Pin To Net: NetName=GND Pin=P23-8
Added Pin To Net: NetName=GND Pin=P23-10
Added Pin To Net: NetName=GND Pin=P23-12
Added Pin To Net: NetName=VIN Pin=U1-1
Added Pin To Net: NetName=GND Pin=U1-2
Added Pin To Net: NetName=+5 Pin=C2-+
Added Pin To Net: NetName=+5 Pin=P23-1
Added Pin To Net: NetName=+5 Pin=P23-3
Added Pin To Net: NetName=+5 Pin=P23-5
Added Pin To Net: NetName=+5 Pin=P23-7
Added Pin To Net: NetName=+5 Pin=P23-9
Added Pin To Net: NetName=+5 Pin=P23-11
Added Pin To Net: NetName=+5 Pin=U1-3
Added Net: Name=+5
Added Member To Class: ClassName=Sheet1 Member=Component C2 1000uF
Added Member To Class: ClassName=Sheet1 Member=Component P23 Header 6X2
Added Member To Class: ClassName=Sheet1 Member=Component U1 Voltage Regulator
