Added Component: Designator=C1(SELF_CAP_THT5MM)
Add component (AddParameter): Name = "value"; Value = "1000uF"; VariantName = "[No Variations]"
Add component (AddParameter): Name = "volt"; Value = "25V"; VariantName = "[No Variations]"
Added Component: Designator=F1(MY_FUSE)
Add component (AddParameter): Name = "ASiD Part Number"; Value = "Fuse-AS"; VariantName = "[No Variations]"
Added Component: Designator=J1(ESP32-DEVKITV1)
Add component (AddParameter): Name = "Availability"; Value = "No availability data"; VariantName = "[No Variations]"
Add component (AddParameter): Name = "Check_prices"; Value = "https://www.snapeda.com/parts/ESP32%20DEVKIT%20V1/Do%20it/view-part/5659245/?ref=eda"; VariantName = "[No Variations]"
Add component (AddParameter): Name = "MF"; Value = "Do it"; VariantName = "[No Variations]"
Add component (AddParameter): Name = "MP"; Value = "ESP32 DEVKIT V1"; VariantName = "[No Variations]"
Add component (AddParameter): Name = "Package"; Value = "Package"; VariantName = "[No Variations]"
Add component (AddParameter): Name = "Price"; Value = "None"; VariantName = "[No Variations]"
Add component (AddParameter): Name = "SnapEDA_Link"; Value = "https://www.snapeda.com/parts/ESP32%20DEVKIT%20V1/Do%20it/view-part/5659245/?ref=snap"; VariantName = "[No Variations]"
Add component (AddParameter): Name = "Value"; Value = ""; VariantName = "[No Variations]"
Added Component: Designator=J2(LM2596 MODULE)
Added Component: Designator=J3(LM2596 MODULE)
Added Component: Designator=J(AMASS_XT60-M)
Add component (AddParameter): Name = "Availability"; Value = "Unavailable"; VariantName = "[No Variations]"
Add component (AddParameter): Name = "MF"; Value = "AMASS"; VariantName = "[No Variations]"
Add component (AddParameter): Name = "MP"; Value = "XT60-M"; VariantName = "[No Variations]"
Add component (AddParameter): Name = "Package"; Value = "Package Analog Devices"; VariantName = "[No Variations]"
Add component (AddParameter): Name = "Price"; Value = "None"; VariantName = "[No Variations]"
Add component (AddParameter): Name = "SnapEDA_Link"; Value = "https://www.snapeda.com/parts/XT60-M/AMASS/view-part/2883912/?ref=snap"; VariantName = "[No Variations]"
Add component (AddParameter): Name = "Value"; Value = ""; VariantName = "[No Variations]"
Added Component: Designator=P1(MY_6410-04)
Add component (AddParameter): Name = "ASiD Part Number"; Value = "Header 4-AS"; VariantName = "[No Variations]"
Added Component: Designator=P2(My_CN2)
Add component (AddParameter): Name = "ASiD Part Number"; Value = "Header 2-AS"; VariantName = "[No Variations]"
Added Component: Designator=P3(My_CN2)
Add component (AddParameter): Name = "ASiD Part Number"; Value = "Header 2-AS"; VariantName = "[No Variations]"
Added Component: Designator=P4(MY_6410-03)
Add component (AddParameter): Name = "ASiD Part Number"; Value = "Header 3-AS"; VariantName = "[No Variations]"
Added Component: Designator=P5(MY_6410-03)
Add component (AddParameter): Name = "ASiD Part Number"; Value = "Header 3-AS"; VariantName = "[No Variations]"
Added Component: Designator=P6(MY_6410-03)
Add component (AddParameter): Name = "ASiD Part Number"; Value = "Header 3-AS"; VariantName = "[No Variations]"
Added Component: Designator=P7(My_CN2)
Add component (AddParameter): Name = "ASiD Part Number"; Value = "Header 2-AS"; VariantName = "[No Variations]"
Added Component: Designator=P8(My_CN2)
Add component (AddParameter): Name = "ASiD Part Number"; Value = "Header 2-AS"; VariantName = "[No Variations]"
Added Component: Designator=P9(MY_6410-02)
Add component (AddParameter): Name = "ASiD Part Number"; Value = "Header 2-AS"; VariantName = "[No Variations]"
Added Component: Designator=P10(MY_6410-04)
Add component (AddParameter): Name = "ASiD Part Number"; Value = "Header 4-AS"; VariantName = "[No Variations]"
Added Component: Designator=P11(MY_6410-03)
Add component (AddParameter): Name = "ASiD Part Number"; Value = "Header 3-AS"; VariantName = "[No Variations]"
Added Component: Designator=P12(MY_6410-03)
Add component (AddParameter): Name = "ASiD Part Number"; Value = "Header 3-AS"; VariantName = "[No Variations]"
Added Component: Designator=P13(MY_2X20)
Add component (AddParameter): Name = "ASiD Part Number"; Value = "Header 20X2-AS"; VariantName = "[No Variations]"
Added Component: Designator=P14(MY_6410-02)
Add component (AddParameter): Name = "ASiD Part Number"; Value = "Header 2-AS"; VariantName = "[No Variations]"
Added Component: Designator=P15(MY_6410-02)
Add component (AddParameter): Name = "ASiD Part Number"; Value = "Header 2-AS"; VariantName = "[No Variations]"
Added Component: Designator=P16(MY_6410-02)
Add component (AddParameter): Name = "ASiD Part Number"; Value = "Header 2-AS"; VariantName = "[No Variations]"
Added Component: Designator=P17(MY_6410-03)
Add component (AddParameter): Name = "ASiD Part Number"; Value = "Header 3-AS"; VariantName = "[No Variations]"
Added Component: Designator=P18(MY_6410-04)
Add component (AddParameter): Name = "ASiD Part Number"; Value = "Header 4-AS"; VariantName = "[No Variations]"
Added Component: Designator=P19(My_1X02)
Add component (AddParameter): Name = "ASiD Part Number"; Value = "Header 2-AS"; VariantName = "[No Variations]"
Added Component: Designator=P20(MY_6410-02)
Add component (AddParameter): Name = "ASiD Part Number"; Value = "Header 2-AS"; VariantName = "[No Variations]"
Added Component: Designator=S?(SELF_TACTILE_THT)
Added Pin To Net: NetName=+3.3 Pin=J3-4
Added Pin To Net: NetName=+3.3 Pin=P4-1
Added Pin To Net: NetName=+3.3 Pin=P5-1
Added Pin To Net: NetName=+3.3 Pin=P6-1
Added Pin To Net: NetName=+3.3 Pin=P14-1
Added Pin To Net: NetName=+3.3 Pin=P15-1
Added Pin To Net: NetName=+3.3 Pin=P16-1
Added Pin To Net: NetName=+3.3 Pin=P17-1
Added Pin To Net: NetName=+3.3 Pin=P19-1
Added Net: Name=+3.3
Added Pin To Net: NetName=+12 Pin=F1-2
Added Pin To Net: NetName=+12 Pin=F1-2
Added Pin To Net: NetName=+12 Pin=J-2
Added Pin To Net: NetName=+12 Pin=J2-1
Added Pin To Net: NetName=+12 Pin=J3-1
Added Pin To Net: NetName=+12 Pin=P2-1
Added Pin To Net: NetName=+12 Pin=P7-1
Added Pin To Net: NetName=+12 Pin=P8-1
Added Net: Name=+12
Added Pin To Net: NetName=CE0 Pin=P13-24
Added Pin To Net: NetName=CE0 Pin=P18-4
Added Net: Name=CE0
Added Pin To Net: NetName=EJECT/REJECT Pin=J1-19
Added Pin To Net: NetName=EJECT/REJECT Pin=P15-2
Added Net: Name=EJECT/REJECT
Added Pin To Net: NetName=ENCODER1 Pin=J1-24
Added Pin To Net: NetName=ENCODER1 Pin=P3-1
Added Net: Name=ENCODER1
Added Pin To Net: NetName=ENCODER2 Pin=J1-23
Added Pin To Net: NetName=ENCODER2 Pin=P3-2
Added Net: Name=ENCODER2
Added Pin To Net: NetName=GND Pin=C1--
Added Pin To Net: NetName=GND Pin=F1-1
Added Pin To Net: NetName=GND Pin=F1-1
Added Pin To Net: NetName=GND Pin=J-1
Added Pin To Net: NetName=GND Pin=J2-2
Added Pin To Net: NetName=GND Pin=J2-3
Added Pin To Net: NetName=GND Pin=J3-2
Added Pin To Net: NetName=GND Pin=J3-3
Added Pin To Net: NetName=GND Pin=P2-2
Added Pin To Net: NetName=GND Pin=P4-3
Added Pin To Net: NetName=GND Pin=P5-3
Added Pin To Net: NetName=GND Pin=P6-3
Added Pin To Net: NetName=GND Pin=P7-2
Added Pin To Net: NetName=GND Pin=P8-2
Added Pin To Net: NetName=GND Pin=P10-2
Added Pin To Net: NetName=GND Pin=P11-3
Added Pin To Net: NetName=GND Pin=P12-3
Added Pin To Net: NetName=GND Pin=P13-9
Added Pin To Net: NetName=GND Pin=P13-39
Added Pin To Net: NetName=GND Pin=P17-3
Added Pin To Net: NetName=GND Pin=P20-2
Added Pin To Net: NetName=GND Pin=S?-2
Added Pin To Net: NetName=GND Pin=S?-2
Added Net: Name=GND
Added Pin To Net: NetName=IN-1 Pin=J1-27
Added Pin To Net: NetName=IN-1 Pin=P1-2
Added Net: Name=IN-1
Added Pin To Net: NetName=IN-2 Pin=J1-24
Added Pin To Net: NetName=IN-2 Pin=P1-4
Added Net: Name=IN-2
Added Pin To Net: NetName=LEFT Pin=J1-21
Added Pin To Net: NetName=LEFT Pin=P16-2
Added Net: Name=LEFT
Added Pin To Net: NetName=MISO Pin=P13-21
Added Pin To Net: NetName=MISO Pin=P18-2
Added Net: Name=MISO
Added Pin To Net: NetName=MOSI Pin=P13-19
Added Pin To Net: NetName=MOSI Pin=P18-3
Added Net: Name=MOSI
Added Pin To Net: NetName=MotorENA Pin=J1-28
Added Pin To Net: NetName=MotorENA Pin=P1-1
Added Net: Name=MotorENA
Added Pin To Net: NetName=PI3.3OUT Pin=P13-17
Added Pin To Net: NetName=PI3.3OUT Pin=P19-2
Added Net: Name=PI3.3OUT
Added Pin To Net: NetName=PWM1 Pin=J1-3
Added Pin To Net: NetName=PWM1 Pin=P10-3
Added Pin To Net: NetName=PWM1 Pin=P11-1
Added Net: Name=PWM1
Added Pin To Net: NetName=PWM2 Pin=J1-4
Added Pin To Net: NetName=PWM2 Pin=P10-4
Added Pin To Net: NetName=PWM2 Pin=P12-1
Added Net: Name=PWM2
Added Pin To Net: NetName=PWM Pin=J1-26
Added Pin To Net: NetName=PWM Pin=P1-3
Added Net: Name=PWM
Added Pin To Net: NetName=RESET Pin=J1-16
Added Pin To Net: NetName=RESET Pin=P20-1
Added Pin To Net: NetName=RESET Pin=S?-1
Added Pin To Net: NetName=RESET Pin=S?-1
Added Net: Name=RESET
Added Pin To Net: NetName=RIGHT Pin=J1-20
Added Pin To Net: NetName=RIGHT Pin=P14-2
Added Net: Name=RIGHT
Added Pin To Net: NetName=RX_TX Pin=J1-7
Added Pin To Net: NetName=RX_TX Pin=P13-10
Added Net: Name=RX_TX
Added Pin To Net: NetName=SCLK Pin=P13-23
Added Pin To Net: NetName=SCLK Pin=P18-1
Added Net: Name=SCLK
Added Pin To Net: NetName=SCL Pin=P9-2
Added Pin To Net: NetName=SCL Pin=P13-5
Added Net: Name=SCL
Added Pin To Net: NetName=SDA Pin=P9-1
Added Pin To Net: NetName=SDA Pin=P13-3
Added Net: Name=SDA
Added Pin To Net: NetName=SIGNAL1 Pin=P4-2
Added Pin To Net: NetName=SIGNAL1 Pin=P13-15
Added Net: Name=SIGNAL1
Added Pin To Net: NetName=SIGNAL2 Pin=P5-2
Added Pin To Net: NetName=SIGNAL2 Pin=P13-13
Added Net: Name=SIGNAL2
Added Pin To Net: NetName=SIGNAL3 Pin=P6-2
Added Pin To Net: NetName=SIGNAL3 Pin=P13-11
Added Net: Name=SIGNAL3
Added Pin To Net: NetName=SPEED Pin=J1-17
Added Pin To Net: NetName=SPEED Pin=P17-2
Added Net: Name=SPEED
Added Pin To Net: NetName=TX_RX Pin=J1-6
Added Pin To Net: NetName=TX_RX Pin=P13-8
Added Net: Name=TX_RX
Added Pin To Net: NetName=VIN Pin=C1-+
Added Pin To Net: NetName=VIN Pin=J1-30
Added Pin To Net: NetName=VIN Pin=J2-4
Added Pin To Net: NetName=VIN Pin=P10-1
Added Pin To Net: NetName=VIN Pin=P11-2
Added Pin To Net: NetName=VIN Pin=P12-2
Added Net: Name=VIN
Added Class: Name=Sheet1
